<?xml version="1.0" encoding="UTF-8"?>
<testsuite name="classes.RunnerTest" tests="1" skipped="0" failures="0" errors="0" timestamp="2022-03-12T14:32:17" hostname="U0093" time="10.847">
  <properties/>
  <testcase name="paniniLogin" classname="classes.RunnerTest" time="10.847"/>
  <system-out><![CDATA[]]></system-out>
  <system-err><![CDATA[]]></system-err>
</testsuite>
